\BOOKMARK [0][-]{chapter.1}{Glossary}{}% 1
\BOOKMARK [1][-]{section.1.1}{General}{chapter.1}% 2
\BOOKMARK [1][-]{section.1.2}{Logic}{chapter.1}% 3
\BOOKMARK [1][-]{section.1.3}{Mathematics}{chapter.1}% 4
\BOOKMARK [2][-]{subsection.1.3.1}{Generalities}{section.1.3}% 5
\BOOKMARK [2][-]{subsection.1.3.2}{Set Theory}{section.1.3}% 6
\BOOKMARK [2][-]{subsection.1.3.3}{Number Classification}{section.1.3}% 7
\BOOKMARK [2][-]{subsection.1.3.4}{Geometry}{section.1.3}% 8
\BOOKMARK [2][-]{subsection.1.3.5}{Maps}{section.1.3}% 9
\BOOKMARK [1][-]{section.1.4}{Physics}{chapter.1}% 10
\BOOKMARK [2][-]{subsection.1.4.1}{Generalities}{section.1.4}% 11
\BOOKMARK [0][-]{chapter.2}{Notation Conventions}{}% 12
\BOOKMARK [1][-]{section.2.1}{Logic}{chapter.2}% 13
\BOOKMARK [2][-]{subsection.2.1.1}{General Instances}{section.2.1}% 14
\BOOKMARK [2][-]{subsection.2.1.2}{Specific Instances}{section.2.1}% 15
\BOOKMARK [1][-]{section.2.2}{Mathematics}{chapter.2}% 16
\BOOKMARK [2][-]{subsection.2.2.1}{General Instances}{section.2.2}% 17
\BOOKMARK [2][-]{subsection.2.2.2}{Constants and Specific Instances}{section.2.2}% 18
\BOOKMARK [1][-]{section.2.3}{Physics}{chapter.2}% 19
\BOOKMARK [2][-]{subsection.2.3.1}{Constants and Specific Instances}{section.2.3}% 20
\BOOKMARK [0][-]{chapter.3}{Symbology and Notation}{}% 21
\BOOKMARK [1][-]{section.3.1}{Logic}{chapter.3}% 22
\BOOKMARK [2][-]{subsection.3.1.1}{Logical Definition}{section.3.1}% 23
\BOOKMARK [2][-]{subsection.3.1.2}{Propositional Logical Operators}{section.3.1}% 24
\BOOKMARK [2][-]{subsection.3.1.3}{Logical Quantifiers}{section.3.1}% 25
\BOOKMARK [2][-]{subsection.3.1.4}{Nested Logical Quantifiers}{section.3.1}% 26
\BOOKMARK [2][-]{subsection.3.1.5}{Logical Indicators}{section.3.1}% 27
\BOOKMARK [1][-]{section.3.2}{Mathematics}{chapter.3}% 28
\BOOKMARK [2][-]{subsection.3.2.1}{Numerical Definition}{section.3.2}% 29
\BOOKMARK [2][-]{subsection.3.2.2}{Arithmetical Operators}{section.3.2}% 30
\BOOKMARK [2][-]{subsection.3.2.3}{Logical-Numerical Operators}{section.3.2}% 31
\BOOKMARK [2][-]{subsection.3.2.4}{Set Definition}{section.3.2}% 32
\BOOKMARK [2][-]{subsection.3.2.5}{Logical-Set Operators}{section.3.2}% 33
\BOOKMARK [2][-]{subsection.3.2.6}{Set Operators}{section.3.2}% 34
\BOOKMARK [2][-]{subsection.3.2.7}{Logical Map Notation}{section.3.2}% 35
\BOOKMARK [0][-]{chapter.4}{Axioms}{}% 36
\BOOKMARK [1][-]{section.4.1}{Mathematics}{chapter.4}% 37
\BOOKMARK [2][-]{subsection.4.1.1}{Properties of R}{section.4.1}% 38
\BOOKMARK [0][-]{chapter.5}{Definitions}{}% 39
\BOOKMARK [1][-]{section.5.1}{Mathematics}{chapter.5}% 40
\BOOKMARK [0][-]{chapter.6}{Proof Compendium}{}% 41
\BOOKMARK [1][-]{section.6.1}{Mathematics}{chapter.6}% 42
\BOOKMARK [2][-]{subsection.6.1.1}{First Order Theorems for R}{section.6.1}% 43
\BOOKMARK [0][-]{chapter*.13}{Bibliography}{}% 44
